2016-07-11 17:52:27,712 - os.name - Mac OS X
2016-07-11 17:52:27,713 - os.arch - x86_64
2016-07-11 17:52:27,713 - os.version - 10.11.5
2016-07-11 17:52:27,713 - java.version - 1.8.0_92
2016-07-11 17:52:27,713 - java.vendor - Oracle Corporation
2016-07-11 17:52:27,713 - java.vendor.url - http://java.oracle.com/
2016-07-11 17:52:27,713 - java.home - /Library/Java/JavaVirtualMachines/jdk1.8.0_92.jdk/Contents/Home/jre
2016-07-11 17:52:27,713 - java.vm.specification.name - Java Virtual Machine Specification
2016-07-11 17:52:27,713 - java.vm.specification.vendor - Oracle Corporation
2016-07-11 17:52:27,713 - java.vm.specification.version - 1.8
2016-07-11 17:52:27,714 - java.class.path - /Applications/Eclipse.app/Contents/MacOS//../Eclipse/plugins/org.eclipse.equinox.launcher_1.3.200.v20160318-1642.jar
2016-07-11 17:52:27,714 - java.library.path - /Users/KSiriusY/Library/Java/Extensions:/Library/Java/Extensions:/Network/Library/Java/Extensions:/System/Library/Java/Extensions:/usr/lib/java:.
2016-07-11 17:52:27,714 - --------------------------------------
2016-07-11 17:52:27,714 - ## Eclipse Plug-ins Log Information ##
2016-07-11 17:52:27,714 - --------------------------------------
2016-07-11 17:52:27,736 - javax.el - 2.2.0.v201303151357
2016-07-11 17:52:27,738 - javax.servlet - 3.1.0.v201410161800
2016-07-11 17:52:27,739 - javax.servlet.jsp - 2.2.0.v201112011158
2016-07-11 17:52:27,747 - com.sun.el - 2.2.0.v201303151357
2016-07-11 17:52:27,748 - org.apache.commons.logging - 1.1.1.v201101211721
2016-07-11 17:52:27,750 - org.apache.jasper.glassfish - 2.2.2.v201501141630
2016-07-11 17:52:27,754 - org.apache.lucene.analysis - 3.5.0.v20120725-1805
2016-07-11 17:52:27,842 - org.apache.lucene.core - 3.5.0.v20120725-1805
2016-07-11 17:52:27,844 - org.eclipse.equinox.http.jetty - 3.3.0.v20160324-1850
2016-07-11 17:52:27,845 - org.eclipse.equinox.http.registry - 1.1.400.v20150715-1528
2016-07-11 17:52:27,847 - org.eclipse.equinox.http.servlet - 1.3.0.v20160517-1559
2016-07-11 17:52:27,848 - org.eclipse.equinox.jsp.jasper - 1.0.500.v20150119-1358
2016-07-11 17:52:27,849 - org.eclipse.equinox.jsp.jasper.registry - 1.0.300.v20130327-1442
2016-07-11 17:52:27,849 - org.eclipse.help.base - 4.1.0.v20160606-1100
2016-07-11 17:52:27,851 - org.eclipse.help.ui - 4.0.200.v20160510-0758
2016-07-11 17:52:27,854 - org.eclipse.help.webapp - 3.8.0.v20160504-0839
2016-07-11 17:52:27,855 - org.eclipse.jetty.continuation - 9.3.9.v20160517
2016-07-11 17:52:27,857 - org.eclipse.jetty.http - 9.3.9.v20160517
2016-07-11 17:52:27,867 - org.eclipse.jetty.io - 9.3.9.v20160517
2016-07-11 17:52:27,871 - org.eclipse.jetty.security - 9.3.9.v20160517
2016-07-11 17:52:27,876 - org.eclipse.jetty.server - 9.3.9.v20160517
2016-07-11 17:52:27,880 - org.eclipse.jetty.servlet - 9.3.9.v20160517
2016-07-11 17:52:27,887 - org.eclipse.jetty.util - 9.3.9.v20160517
2016-07-11 17:52:27,887 - org.eclipse.core.net - 1.3.0.v20160418-1534
2016-07-11 17:52:27,891 - org.eclipse.equinox.security - 1.2.200.v20150715-1528
2016-07-11 17:52:27,895 - org.eclipse.andmore.hierarchyviewer - 0.5.0.201605181018
2016-07-11 17:52:27,900 - org.eclipse.mylyn.bugzilla.core - 3.20.0.v20160425-1835
2016-07-11 17:52:27,902 - org.eclipse.mylyn.bugzilla.ui - 3.20.0.v20160425-1835
2016-07-11 17:52:27,907 - org.eclipse.sequoyah.device.backward - 2.1.0.N20120718-0509
2016-07-11 17:52:27,907 - org.eclipse.sequoyah.device.framework - 2.1.0.N20120718-0509
2016-07-11 17:52:27,910 - org.eclipse.sequoyah.device.framework.ui - 2.1.0.N20120718-0509
2016-07-11 17:52:27,912 - org.eclipse.sequoyah.device.service.start - 2.1.0.N20120718-0509
2016-07-11 17:52:27,918 - org.eclipse.sequoyah.device.service.stop - 2.1.0.N20120718-0509
2016-07-11 17:52:27,923 - org.eclipse.sequoyah.device.framework.wizard - 2.1.0.N20120718-0509
2016-07-11 17:52:27,928 - org.eclipse.buildship.core - 1.0.15.v20160425-1638
2016-07-11 17:52:27,929 - org.eclipse.buildship.ui - 1.0.15.v20160425-1638
2016-07-11 17:52:27,929 - org.eclipse.buildship.branding - 1.0.15.v20160425-1638
2016-07-11 17:52:27,930 - org.eclipse.buildship.stsmigration - 1.0.15.v20160425-1638
2016-07-11 17:52:27,935 - org.eclipse.mylyn.tasks.core - 3.20.0.v20160608-1838
2016-07-11 17:52:27,937 - org.eclipse.mylyn.tasks.index.core - 3.20.0.v20160425-1835
2016-07-11 17:52:27,938 - org.eclipse.mylyn.tasks.index.ui - 3.20.0.v20160425-1835
2016-07-11 17:52:27,941 - org.eclipse.mylyn.tasks.search - 3.20.0.v20160425-1835
2016-07-11 17:52:27,942 - org.eclipse.mylyn.tasks.ui - 3.20.0.v20160608-1838
2016-07-11 17:52:27,947 - org.eclipse.egit.core - 4.4.0.201606070830-r
2016-07-11 17:52:27,949 - org.eclipse.egit.ui - 4.4.0.201606070830-r
2016-07-11 17:52:27,950 - org.eclipse.egit - 4.4.0.201606070830-r
2016-07-11 17:52:27,957 - org.eclipse.egit.doc - 4.4.0.201606070830-r
2016-07-11 17:52:27,962 - org.eclipse.aether.maven - 3.1.0.v20140706-2237
2016-07-11 17:52:27,985 - org.eclipse.gef - 3.11.0.201606061308
2016-07-11 17:52:27,990 - org.eclipse.mylyn.commons.identity.core - 1.12.0.v20160421-1819
2016-07-11 17:52:27,994 - org.eclipse.oomph.p2 - 1.4.0.v20160426-0423
2016-07-11 17:52:27,995 - org.eclipse.oomph.p2.core - 1.4.0.v20160606-0856
2016-07-11 17:52:27,995 - org.eclipse.oomph.p2.edit - 1.4.0.v20160426-0423
2016-07-11 17:52:27,997 - org.eclipse.oomph.p2.ui - 1.4.0.v20160426-0423
2016-07-11 17:52:27,998 - org.eclipse.oomph.p2.doc - 1.4.0.v20160426-0423
2016-07-11 17:52:28,009 - org.eclipse.datatools.enablement.sqlite - 1.1.0.201603142002
2016-07-11 17:52:28,015 - org.eclipse.datatools.enablement.sqlite.dbdefinition - 1.1.0.201603142002
2016-07-11 17:52:28,017 - org.eclipse.datatools.enablement.sqlite.ui - 1.1.0.201603142002
2016-07-11 17:52:28,017 - org.eclipse.datatools.enablement.finfo - 1.6.0.201603142002
2016-07-11 17:52:28,021 - org.eclipse.emf.codegen.ui - 2.6.0.v20160526-0356
2016-07-11 17:52:28,025 - org.eclipse.mylyn.commons.notifications.core - 1.12.0.v20160421-1819
2016-07-11 17:52:28,025 - org.eclipse.mylyn.commons.notifications.feed - 1.12.0.v20160421-1819
2016-07-11 17:52:28,029 - org.eclipse.mylyn.commons.notifications.ui - 1.12.0.v20160421-1819
2016-07-11 17:52:28,033 - org.eclipse.emf.converter - 2.7.0.v20160526-0356
2016-07-11 17:52:28,038 - org.eclipse.emf.importer - 2.9.0.v20160526-0356
2016-07-11 17:52:28,041 - org.eclipse.emf.exporter - 2.7.0.v20160526-0356
2016-07-11 17:52:28,051 - org.eclipse.emf.importer.ecore - 2.8.0.v20160526-0356
2016-07-11 17:52:28,052 - org.eclipse.emf.importer.java - 2.7.0.v20160526-0356
2016-07-11 17:52:28,054 - org.eclipse.emf.importer.rose - 2.8.0.v20160526-0356
2016-07-11 17:52:28,057 - org.eclipse.emf.edit.ui - 2.12.0.v20160526-0356
2016-07-11 17:52:28,061 - org.eclipse.help - 3.7.0.v20160602-1307
2016-07-11 17:52:28,063 - org.eclipse.ui - 3.108.0.v20160518-1929
2016-07-11 17:52:28,064 - org.eclipse.ui.workbench - 3.108.0.v20160602-1232
2016-07-11 17:52:28,064 - org.eclipse.update.configurator - 3.3.400.v20160506-0750
2016-07-11 17:52:28,064 - org.eclipse.rcp - 4.6.0.v20160606-1100
2016-07-11 17:52:28,064 - org.eclipse.ui.cocoa - 1.1.100.v20151202-1450
2016-07-11 17:52:28,068 - org.eclipse.recommenders.rcp - 2.4.0.v20160607-1609
2016-07-11 17:52:28,073 - org.eclipse.recommenders.apidocs - 2.4.0.v20160607-1609
2016-07-11 17:52:28,075 - org.eclipse.recommenders.apidocs.rcp - 2.4.0.v20160607-1609
2016-07-11 17:52:28,076 - org.eclipse.recommenders.calls - 2.4.0.v20160607-1609
2016-07-11 17:52:28,078 - org.eclipse.recommenders.calls.rcp - 2.4.0.v20160607-1609
2016-07-11 17:52:28,079 - org.eclipse.recommenders.chain.rcp - 2.4.0.v20160607-1609
2016-07-11 17:52:28,081 - org.eclipse.recommenders.completion.rcp - 2.4.0.v20160607-1609
2016-07-11 17:52:28,082 - org.eclipse.recommenders.constructors - 2.4.0.v20160607-1609
2016-07-11 17:52:28,084 - org.eclipse.recommenders.constructors.rcp - 2.4.0.v20160607-1609
2016-07-11 17:52:28,085 - org.eclipse.recommenders.coordinates - 2.4.0.v20160607-1609
2016-07-11 17:52:28,086 - org.eclipse.recommenders.coordinates.rcp - 2.4.0.v20160607-1609
2016-07-11 17:52:28,088 - org.eclipse.recommenders.injection - 2.4.0.v20160607-1609
2016-07-11 17:52:28,089 - org.eclipse.recommenders.jayes - 2.4.0.v20160607-1609
2016-07-11 17:52:28,090 - org.eclipse.recommenders.jayes.io - 2.4.0.v20160607-1609
2016-07-11 17:52:28,093 - org.eclipse.recommenders.jdt - 2.4.0.v20160607-1609
2016-07-11 17:52:28,095 - org.eclipse.recommenders.models - 2.4.0.v20160607-1609
2016-07-11 17:52:28,096 - org.eclipse.recommenders.models.rcp - 2.4.0.v20160607-1609
2016-07-11 17:52:28,098 - org.eclipse.recommenders.net - 2.4.0.v20160607-1609
2016-07-11 17:52:28,099 - org.eclipse.recommenders.overrides - 2.4.0.v20160607-1609
2016-07-11 17:52:28,100 - org.eclipse.recommenders.overrides.rcp - 2.4.0.v20160607-1609
2016-07-11 17:52:28,101 - org.eclipse.recommenders.subwords.rcp - 2.4.0.v20160607-1609
2016-07-11 17:52:28,103 - org.eclipse.recommenders.types.rcp - 2.4.0.v20160607-1609
2016-07-11 17:52:28,105 - org.eclipse.recommenders.utils - 2.4.0.v20160607-1609
2016-07-11 17:52:28,106 - org.eclipse.recommenders.utils.rcp - 2.4.0.v20160607-1609
2016-07-11 17:52:28,111 - org.eclipse.mylyn.commons.repositories.http.core - 1.12.0.v20160421-1819
2016-07-11 17:52:28,115 - org.eclipse.datatools.connectivity.oda.design.ui - 3.3.0.201603142002
2016-07-11 17:52:28,116 - org.eclipse.datatools.connectivity.ui.dse - 1.2.0.201603142002
2016-07-11 17:52:28,122 - org.eclipse.datatools.connectivity.ui - 1.3.0.201603142002
2016-07-11 17:52:28,124 - org.eclipse.datatools.connectivity.sqm.core - 1.3.0.201603142002
2016-07-11 17:52:28,125 - org.eclipse.datatools.help - 1.6.0.201603142002
2016-07-11 17:52:28,129 - org.eclipse.jdt - 3.12.0.v20160606-1100
2016-07-11 17:52:28,131 - org.eclipse.ant.ui - 3.6.200.v20160525-1820
2016-07-11 17:52:28,133 - org.eclipse.jdt.apt.core - 3.4.100.v20160525-0952
2016-07-11 17:52:28,135 - org.eclipse.jdt.apt.ui - 3.4.100.v20160418-1457
2016-07-11 17:52:28,136 - org.eclipse.jdt.apt.pluggable.core - 1.1.100.v20160418-1457
2016-07-11 17:52:28,137 - org.eclipse.jdt.compiler.apt - 1.2.100.v20160418-1457
2016-07-11 17:52:28,138 - org.eclipse.jdt.compiler.tool - 1.1.100.v20160418-1457
2016-07-11 17:52:28,142 - org.eclipse.jdt.core - 3.12.0.v20160516-2131
2016-07-11 17:52:28,147 - org.eclipse.jdt.annotation - 2.1.0.v20160418-1457
2016-07-11 17:52:28,147 - org.eclipse.jdt.annotation - 2.1.0.v20160418-1457
2016-07-11 17:52:28,148 - org.eclipse.jdt.core.manipulation - 1.7.0.v20160419-0705
2016-07-11 17:52:28,151 - org.eclipse.jdt.debug.ui - 3.7.200.v20160423-1519
2016-07-11 17:52:28,162 - org.eclipse.jdt.debug - 3.10.0.v20160418-1524
2016-07-11 17:52:28,167 - org.eclipse.jdt.junit - 3.9.0.v20160421-1701
2016-07-11 17:52:28,170 - org.eclipse.jdt.junit.core - 3.8.0.v20160421-1701
2016-07-11 17:52:28,173 - org.eclipse.jdt.junit.runtime - 3.4.600.v20160505-0715
2016-07-11 17:52:28,175 - org.eclipse.jdt.junit4.runtime - 1.1.600.v20160505-0715
2016-07-11 17:52:28,176 - org.eclipse.jdt.launching - 3.8.100.v20160505-0636
2016-07-11 17:52:28,182 - org.eclipse.jdt.ui - 3.12.0.v20160525-1829
2016-07-11 17:52:28,184 - org.junit - 4.12.0.v201504281640
2016-07-11 17:52:28,187 - org.hamcrest.core - 1.3.0.v201303031735
2016-07-11 17:52:28,189 - org.eclipse.jdt.doc.user - 3.12.0.v20160601-2148
2016-07-11 17:52:28,190 - org.eclipse.jdt.launching.macosx - 3.3.0.v20160418-1524
2016-07-11 17:52:28,192 - org.eclipse.jdt.launching.ui.macosx - 1.1.0.v20160418-1524
2016-07-11 17:52:28,193 - org.eclipse.ant.launching - 1.1.200.v20160418-1631
2016-07-11 17:52:28,197 - org.eclipse.emf.common - 2.12.0.v20160420-0247
2016-07-11 17:52:28,202 - org.eclipse.sequoyah.vnc.vncviewer.vncviews - 2.1.0.N20120718-0509
2016-07-11 17:52:28,209 - org.eclipse.egit.mylyn.ui - 4.4.0.201606070830-r
2016-07-11 17:52:28,213 - org.eclipse.datatools.sqltools.common.ui - 1.1.0.201603142002
2016-07-11 17:52:28,215 - org.eclipse.datatools.sqltools.debugger.core - 1.1.0.201603142002
2016-07-11 17:52:28,217 - org.eclipse.datatools.sqltools.editor.core - 1.1.0.201603142002
2016-07-11 17:52:28,218 - org.eclipse.datatools.sqltools.plan - 1.1.0.201603142002
2016-07-11 17:52:28,221 - org.eclipse.datatools.sqltools.routineeditor - 1.1.0.201603142002
2016-07-11 17:52:28,226 - org.eclipse.datatools.sqltools.sql - 1.1.0.201603142002
2016-07-11 17:52:28,228 - org.eclipse.datatools.sqltools.sqleditor - 1.1.0.201603142002
2016-07-11 17:52:28,229 - org.eclipse.datatools.sqltools.sqlscrapbook - 1.1.0.201603142002
2016-07-11 17:52:28,229 - org.eclipse.datatools.help - 1.6.0.201603142002
2016-07-11 17:52:28,231 - org.eclipse.datatools.sqltools.db.generic - 1.1.0.201603142002
2016-07-11 17:52:28,232 - org.eclipse.datatools.sqltools.debugger.core.ui - 1.1.0.201603142002
2016-07-11 17:52:28,233 - org.eclipse.datatools.sqltools.editor.core.ui - 1.1.0.201603142002
2016-07-11 17:52:28,236 - org.eclipse.datatools.sqltools.result.ui - 1.2.0.201603142002
2016-07-11 17:52:28,247 - org.eclipse.datatools.sqltools.routineeditor.ui - 1.1.0.201603142002
2016-07-11 17:52:28,253 - org.eclipse.datatools.sqltools.sql.ui - 1.1.0.201603142002
2016-07-11 17:52:28,266 - org.objectweb.asm - 5.0.1.v201404251740
2016-07-11 17:52:28,266 - org.eclipse.andmore - 0.5.0.201605181018
2016-07-11 17:52:28,278 - org.eclipse.andmore.base - 0.5.0.201605181018
2016-07-11 17:52:28,294 - org.eclipse.andmore.ddms - 0.5.0.201605181018
2016-07-11 17:52:28,295 - org.eclipse.andmore.overlay - 0.5.0.201605181018
2016-07-11 17:52:28,299 - org.apache.commons.codec - 1.6.0.v201305230611
2016-07-11 17:52:28,302 - org.apache.commons.compress - 1.6.0.v201310281400
2016-07-11 17:52:28,306 - org.apache.httpcomponents.httpclient - 4.3.6.v201511171540
2016-07-11 17:52:28,307 - org.apache.httpcomponents.httpcore - 4.3.3.v201411290715
2016-07-11 17:52:28,319 - org.eclipse.datatools.modelbase.dbdefinition - 1.1.0.201603142002
2016-07-11 17:52:28,322 - org.eclipse.datatools.modelbase.sql.edit - 1.1.0.201603142002
2016-07-11 17:52:28,323 - org.eclipse.datatools.modelbase.sql.query - 1.2.0.201603142002
2016-07-11 17:52:28,326 - org.eclipse.datatools.modelbase.sql.query.edit - 1.1.0.201603142002
2016-07-11 17:52:28,328 - org.eclipse.datatools.modelbase.sql.xml.query - 1.1.0.201603142002
2016-07-11 17:52:28,328 - org.eclipse.datatools.modelbase.sql - 1.1.0.201603142002
2016-07-11 17:52:28,332 - org.eclipse.oomph.setup.editor - 1.4.0.v20160505-0456
2016-07-11 17:52:28,333 - org.eclipse.oomph.setup.ui - 1.4.0.v20160530-1200
2016-07-11 17:52:28,336 - org.eclipse.oomph.setup.doc - 1.4.0.v20160426-0423
2016-07-11 17:52:28,337 - org.eclipse.oomph.setup.ui.questionnaire - 1.4.0.v20160530-1435
2016-07-11 17:52:28,338 - org.eclipse.oomph.jreinfo.ui - 1.4.0.v20160426-0423
2016-07-11 17:52:28,341 - org.eclipse.emf.mapping - 2.9.0.v20160526-0356
2016-07-11 17:52:28,344 - org.eclipse.emf.ecore - 2.12.0.v20160420-0247
2016-07-11 17:52:28,345 - org.eclipse.emf.ecore.change - 2.11.0.v20160420-0247
2016-07-11 17:52:28,346 - org.eclipse.emf.ecore.xmi - 2.12.0.v20160420-0247
2016-07-11 17:52:28,349 - org.eclipse.jgit - 4.4.0.201606070830-r
2016-07-11 17:52:28,351 - org.eclipse.jgit.archive - 4.4.0.201606070830-r
2016-07-11 17:52:28,352 - com.jcraft.jsch - 0.1.53.v201508180515
2016-07-11 17:52:28,353 - javaewah - 0.7.9.v201605172130
2016-07-11 17:52:28,353 - org.apache.commons.compress - 1.6.0.v201310281400
2016-07-11 17:52:28,354 - org.slf4j.api - 1.7.2.v20121108-1250
2016-07-11 17:52:28,355 - org.slf4j.impl.log4j12 - 1.7.2.v20131105-2200
2016-07-11 17:52:28,359 - org.apache.log4j - 1.2.15.v201012070815
2016-07-11 17:52:28,369 - org.eclipse.mylyn.wikitext.core - 2.9.0.v20160513-1433
2016-07-11 17:52:28,374 - org.eclipse.mylyn.wikitext.core.ant - 2.9.0.v20160513-1433
2016-07-11 17:52:28,377 - org.eclipse.mylyn.wikitext.core.osgi - 2.9.0.v20160513-1433
2016-07-11 17:52:28,379 - org.eclipse.mylyn.wikitext.textile.core - 2.9.0.v20160513-1433
2016-07-11 17:52:28,380 - org.eclipse.mylyn.wikitext.html.core - 2.9.0.v20160513-1433
2016-07-11 17:52:28,388 - org.eclipse.mylyn.wikitext.markdown.core - 2.9.0.v20160513-1433
2016-07-11 17:52:28,390 - org.eclipse.mylyn.wikitext.mediawiki.core - 2.9.0.v20160513-1433
2016-07-11 17:52:28,399 - org.eclipse.mylyn.wikitext.mediawiki.core.ant - 2.9.0.v20160513-1433
2016-07-11 17:52:28,401 - org.eclipse.mylyn.wikitext.confluence.core - 2.9.0.v20160513-1433
2016-07-11 17:52:28,403 - org.eclipse.mylyn.wikitext.tracwiki.core - 2.9.0.v20160513-1433
2016-07-11 17:52:28,404 - org.eclipse.mylyn.wikitext.twiki.core - 2.9.0.v20160519-0832
2016-07-11 17:52:28,409 - org.eclipse.mylyn.wikitext.ui - 2.9.0.v20160516-1547
2016-07-11 17:52:28,411 - org.eclipse.mylyn.wikitext.help.ui - 2.9.0.v20160524-0547
2016-07-11 17:52:28,414 - org.eclipse.mylyn.wikitext.textile.ui - 2.9.0.v20160513-1433
2016-07-11 17:52:28,416 - org.eclipse.mylyn.wikitext.markdown.ui - 2.9.0.v20160513-1433
2016-07-11 17:52:28,420 - org.eclipse.mylyn.wikitext.mediawiki.ui - 2.9.0.v20160513-1433
2016-07-11 17:52:28,422 - org.eclipse.mylyn.wikitext.confluence.ui - 2.9.0.v20160513-1433
2016-07-11 17:52:28,423 - org.eclipse.mylyn.wikitext.tracwiki.ui - 2.9.0.v20160513-1433
2016-07-11 17:52:28,432 - org.eclipse.mylyn.wikitext.twiki.ui - 2.9.0.v20160513-1433
2016-07-11 17:52:28,444 - org.eclipse.mylyn.wikitext.tasks.ui - 2.9.0.v20160513-1433
2016-07-11 17:52:28,454 - org.eclipse.mylyn.wikitext.context.ui - 2.9.0.v20160513-1433
2016-07-11 17:52:28,456 - org.eclipse.mylyn.wikitext.asciidoc.core - 2.9.0.v20160524-1633
2016-07-11 17:52:28,457 - org.eclipse.mylyn.wikitext.asciidoc.ui - 2.9.0.v20160516-1451
2016-07-11 17:52:28,460 - org.eclipse.emf.mapping.ecore.editor - 2.6.0.v20160526-0356
2016-07-11 17:52:28,461 - org.eclipse.emf.mapping.ecore2ecore.editor - 2.7.0.v20160526-0356
2016-07-11 17:52:28,463 - org.eclipse.emf.mapping.ecore2xml.ui - 2.8.0.v20160526-0356
2016-07-11 17:52:28,467 - org.eclipse.recommenders.mylyn.rcp - 2.4.0.v20160607-1609
2016-07-11 17:52:28,520 - org.apache.ant - 1.9.6.v201510161327
2016-07-11 17:52:28,521 - org.eclipse.ant.core - 3.4.100.v20160505-0642
2016-07-11 17:52:28,521 - com.jcraft.jsch - 0.1.53.v201508180515
2016-07-11 17:52:28,521 - org.eclipse.compare.core - 3.6.0.v20160418-1534
2016-07-11 17:52:28,523 - org.eclipse.compare - 3.6.0.v20160418-1534
2016-07-11 17:52:28,524 - org.eclipse.core.filebuffers - 3.6.0.v20160503-1849
2016-07-11 17:52:28,525 - org.eclipse.core.filesystem - 1.6.0.v20160503-1608
2016-07-11 17:52:28,525 - org.eclipse.core.net - 1.3.0.v20160418-1534
2016-07-11 17:52:28,526 - org.eclipse.core.resources - 3.11.0.v20160503-1608
2016-07-11 17:52:28,529 - org.eclipse.osgi.util - 3.3.100.v20150423-1351
2016-07-11 17:52:28,535 - org.eclipse.debug.core - 3.10.100.v20160419-1720
2016-07-11 17:52:28,537 - org.eclipse.debug.ui - 3.11.200.v20160518-1858
2016-07-11 17:52:28,538 - org.eclipse.equinox.event - 1.3.200.v20160324-1850
2016-07-11 17:52:28,538 - org.eclipse.ltk.core.refactoring - 3.7.0.v20160419-0705
2016-07-11 17:52:28,542 - org.eclipse.ltk.ui.refactoring - 3.8.0.v20160518-1817
2016-07-11 17:52:28,542 - org.eclipse.platform - 4.6.0.v20160606-1100
2016-07-11 17:52:28,544 - org.eclipse.platform.doc.user - 4.6.0.v20160606-1250
2016-07-11 17:52:28,545 - org.eclipse.search - 3.11.0.v20160519-1501
2016-07-11 17:52:28,546 - org.eclipse.team.core - 3.8.0.v20160418-1534
2016-07-11 17:52:28,547 - org.eclipse.team.ui - 3.8.0.v20160518-1906
2016-07-11 17:52:28,548 - org.eclipse.text - 3.6.0.v20160503-1849
2016-07-11 17:52:28,549 - org.eclipse.jface.text - 3.11.0.v20160505-1301
2016-07-11 17:52:28,549 - org.eclipse.jsch.core - 1.3.0.v20160422-1917
2016-07-11 17:52:28,550 - org.eclipse.jsch.ui - 1.3.0.v20160323-1650
2016-07-11 17:52:28,552 - org.eclipse.ui.console - 3.6.200.v20160518-1858
2016-07-11 17:52:28,554 - org.eclipse.ui.intro - 3.5.0.v20160509-1548
2016-07-11 17:52:28,555 - org.eclipse.ui.intro.universal - 3.3.0.v20160519-1604
2016-07-11 17:52:28,559 - org.eclipse.ui.cheatsheets - 3.5.0.v20160504-0839
2016-07-11 17:52:28,561 - org.eclipse.ui.browser - 3.5.0.v20160518-1929
2016-07-11 17:52:28,562 - org.eclipse.ui.monitoring - 1.1.0.v20160131-1628
2016-07-11 17:52:28,563 - org.eclipse.ui.navigator - 3.6.100.v20160518-1929
2016-07-11 17:52:28,564 - org.eclipse.ui.navigator.resources - 3.5.100.v20160518-1929
2016-07-11 17:52:28,564 - org.eclipse.ui.net - 1.3.0.v20160426-1633
2016-07-11 17:52:28,566 - org.eclipse.ui.workbench.texteditor - 3.10.0.v20160530-2011
2016-07-11 17:52:28,567 - org.eclipse.ui.views - 3.8.100.v20160518-1929
2016-07-11 17:52:28,568 - org.eclipse.ui.editors - 3.10.0.v20160505-0931
2016-07-11 17:52:28,569 - org.eclipse.ui.externaltools - 3.3.100.v20160518-1858
2016-07-11 17:52:28,571 - org.eclipse.ui.ide - 3.12.0.v20160601-1609
2016-07-11 17:52:28,572 - org.eclipse.ui.ide.application - 1.1.100.v20160518-1929
2016-07-11 17:52:28,572 - org.eclipse.core.filesystem.macosx - 1.3.0.v20140124-1940
2016-07-11 17:52:28,572 - org.eclipse.core.variables - 3.3.0.v20160419-1720
2016-07-11 17:52:28,573 - org.eclipse.ui.forms - 3.7.0.v20160518-1929
2016-07-11 17:52:28,574 - org.eclipse.ui.views.properties.tabbed - 3.7.0.v20160310-0903
2016-07-11 17:52:28,575 - org.eclipse.equinox.security - 1.2.200.v20150715-1528
2016-07-11 17:52:28,579 - org.eclipse.equinox.security.ui - 1.1.300.v20150803-1225
2016-07-11 17:52:28,580 - org.eclipse.equinox.security.macosx - 1.100.200.v20130327-1442
2016-07-11 17:52:28,582 - org.eclipse.core.externaltools - 1.0.400.v20160509-1057
2016-07-11 17:52:28,582 - org.eclipse.ui.themes - 1.1.100.v20160411-1921
2016-07-11 17:52:28,582 - org.eclipse.core.runtime - 3.12.0.v20160606-1342
2016-07-11 17:52:28,587 - org.eclipse.ui.intro.quicklinks - 1.0.0.v20160515-0255
2016-07-11 17:52:28,602 - org.eclipse.mylyn.discovery.core - 3.20.0.v20160421-1819
2016-07-11 17:52:28,603 - org.eclipse.mylyn.discovery.ui - 3.20.0.v20160421-1819
2016-07-11 17:52:28,608 - org.eclipse.emf.ecore.edit - 2.9.0.v20160526-0356
2016-07-11 17:52:28,615 - org.eclipse.emf.ecore.change.edit - 2.6.0.v20160526-0356
2016-07-11 17:52:28,618 - org.eclipse.sequoyah.vnc.protocol - 2.1.0.N20120718-0509
2016-07-11 17:52:28,623 - org.eclipse.emf.mapping.ecore - 2.6.0.v20160526-0356
2016-07-11 17:52:28,631 - org.eclipse.emf.mapping.ecore2ecore - 2.9.0.v20160526-0356
2016-07-11 17:52:28,633 - org.eclipse.emf.mapping.ecore2xml - 2.9.0.v20160526-0356
2016-07-11 17:52:28,636 - org.eclipse.mylyn.versions.core - 1.12.0.v20160421-1824
2016-07-11 17:52:28,638 - org.eclipse.mylyn.versions.ui - 1.12.0.v20160421-1824
2016-07-11 17:52:28,641 - org.eclipse.andmore.traceview - 0.5.0.201605181018
2016-07-11 17:52:28,643 - org.eclipse.sequoyah.localization.android - 2.1.0.N20120718-0509
2016-07-11 17:52:28,644 - org.eclipse.sequoyah.localization.android.help - 2.1.1.N20120718-0509
2016-07-11 17:52:28,648 - org.eclipse.m2e.logback.configuration - 1.7.0.20160603-1933
2016-07-11 17:52:28,649 - org.eclipse.m2e.logback.appender - 1.7.0.20160603-1933
2016-07-11 17:52:28,652 - org.eclipse.emf.codegen - 2.11.0.v20160526-0356
2016-07-11 17:52:28,656 - org.eclipse.wst.dtd.ui - 1.0.801.v201308100602
2016-07-11 17:52:28,657 - org.eclipse.wst.dtd.ui.infopop - 1.0.400.v201309112106
2016-07-11 17:52:28,658 - org.eclipse.wst.sse.ui.infopop - 1.0.300.v201309112106
2016-07-11 17:52:28,659 - org.eclipse.wst.xml.ui.infopop - 1.0.400.v201309112106
2016-07-11 17:52:28,661 - org.eclipse.wst.sse.ui - 1.3.500.v201605120129
2016-07-11 17:52:28,661 - org.eclipse.wst.xml.ui - 1.1.700.v201604272318
2016-07-11 17:52:28,664 - org.eclipse.wst.xsd.ui - 1.2.600.v201511240159
2016-07-11 17:52:28,667 - org.eclipse.emf - 2.6.0.v20160526-0356
2016-07-11 17:52:28,671 - org.eclipse.datatools.doc.user - 1.7.0.20090521092446
2016-07-11 17:52:28,672 - org.eclipse.datatools.oda.cshelp - 1.2.0.201603142002
2016-07-11 17:52:28,672 - org.eclipse.datatools.help - 1.6.0.201603142002
2016-07-11 17:52:28,679 - org.eclipse.mylyn.tasks.bugs - 3.20.0.v20160425-1835
2016-07-11 17:52:28,681 - org.eclipse.mylyn.help.ui - 3.20.0.v20160425-1835
2016-07-11 17:52:28,685 - org.eclipse.draw2d - 3.10.100.201606061308
2016-07-11 17:52:28,688 - org.eclipse.emf.edit - 2.12.0.v20160526-0356
2016-07-11 17:52:28,691 - org.eclipse.mylyn.commons.core - 3.20.0.v20160421-1819
2016-07-11 17:52:28,693 - org.eclipse.mylyn.commons.screenshots - 3.20.0.v20160421-1819
2016-07-11 17:52:28,693 - org.eclipse.mylyn.commons.ui - 3.20.0.v20160421-1819
2016-07-11 17:52:28,697 - org.eclipse.mylyn.commons.workbench - 3.20.0.v20160421-1819
2016-07-11 17:52:28,701 - org.eclipse.mylyn.bugzilla.ide - 3.20.0.v20160421-1902
2016-07-11 17:52:28,703 - org.eclipse.mylyn.ide.ui - 3.20.0.v20160421-1902
2016-07-11 17:52:28,706 - org.eclipse.emf.databinding.edit - 1.3.0.v20160526-0356
2016-07-11 17:52:28,709 - org.eclipse.emf.codegen.ecore - 2.12.0.v20160526-0356
2016-07-11 17:52:28,710 - org.eclipse.emf.ant - 2.8.0.v20160526-0356
2016-07-11 17:52:28,727 - org.eclipse.m2e.archetype.common - 1.7.0.20160603-1931
2016-07-11 17:52:28,732 - org.eclipse.m2e.maven.indexer - 1.7.0.20160603-1931
2016-07-11 17:52:28,734 - org.eclipse.m2e.model.edit - 1.7.0.20160603-1933
2016-07-11 17:52:28,734 - org.eclipse.m2e.core - 1.7.0.20160603-1933
2016-07-11 17:52:28,735 - org.eclipse.m2e.launching - 1.7.0.20160603-1933
2016-07-11 17:52:28,736 - org.eclipse.m2e.workspace.cli - 0.3.1
2016-07-11 17:52:28,738 - org.eclipse.m2e.jdt - 1.7.0.20160603-1933
2016-07-11 17:52:28,740 - org.eclipse.m2e.editor - 1.7.0.20160603-1933
2016-07-11 17:52:28,742 - org.eclipse.m2e.editor.xml - 1.7.0.20160603-1933
2016-07-11 17:52:28,787 - org.eclipse.m2e.maven.runtime - 1.7.0.20160603-1931
2016-07-11 17:52:28,789 - org.eclipse.m2e.maven.runtime.slf4j.simple - 1.7.0.20160603-1931
2016-07-11 17:52:28,789 - org.eclipse.m2e.refactoring - 1.7.0.20160603-1933
2016-07-11 17:52:28,790 - org.eclipse.m2e.lifecyclemapping.defaults - 1.7.0.20160603-1933
2016-07-11 17:52:28,792 - org.eclipse.m2e.discovery - 1.7.0.20160603-1933
2016-07-11 17:52:28,793 - org.eclipse.m2e.core.ui - 1.7.0.20160603-1933
2016-07-11 17:52:28,795 - org.eclipse.m2e.scm - 1.7.0.20160603-1933
2016-07-11 17:52:28,795 - org.eclipse.m2e.jdt.ui - 1.7.0.20160603-1933
2016-07-11 17:52:28,797 - org.eclipse.m2e.profiles.core - 1.7.0.20160603-1933
2016-07-11 17:52:28,798 - org.eclipse.m2e.profiles.ui - 1.7.0.20160603-1933
2016-07-11 17:52:28,799 - org.eclipse.m2e.importer - 1.7.0.20160603-1933
2016-07-11 17:52:28,802 - org.eclipse.andmore.ndk - 0.5.0.201605181018
2016-07-11 17:52:28,805 - org.eclipse.andmore.gldebugger - 0.5.0.201605181018
2016-07-11 17:52:28,809 - org.eclipse.mylyn.hudson.core - 1.12.0.v20160524-1837
2016-07-11 17:52:28,810 - org.eclipse.mylyn.hudson.ui - 1.12.0.v20160421-2142
2016-07-11 17:52:28,813 - org.eclipse.epp.mpc.core - 1.5.0.v20160608-1457
2016-07-11 17:52:28,814 - org.eclipse.epp.mpc.ui - 1.5.0.v20160608-1804
2016-07-11 17:52:28,815 - org.eclipse.epp.mpc.help.ui - 1.5.0.v20160524-1910
2016-07-11 17:52:28,815 - org.apache.httpcomponents.httpclient - 4.3.6.v201511171540
2016-07-11 17:52:28,815 - org.apache.httpcomponents.httpcore - 4.3.3.v201411290715
2016-07-11 17:52:28,818 - org.eclipse.datatools.connectivity.oda.consumer - 3.3.0.201603142002
2016-07-11 17:52:28,820 - org.eclipse.datatools.connectivity.oda.design - 3.4.0.201603142002
2016-07-11 17:52:28,821 - org.eclipse.datatools.connectivity.oda.profile - 3.3.0.201603142002
2016-07-11 17:52:28,821 - org.eclipse.datatools.connectivity.oda - 3.5.0.201603142002
2016-07-11 17:52:28,821 - org.eclipse.datatools.connectivity - 1.13.0.201603142002
2016-07-11 17:52:28,825 - org.eclipse.mylyn.git.core - 1.12.0.v20160421-1824
2016-07-11 17:52:28,826 - org.eclipse.mylyn.git.ui - 1.12.0.v20160421-1824
2016-07-11 17:52:28,829 - org.eclipse.andmore.android.certmanager - 0.5.0.201605181018
2016-07-11 17:52:28,839 - org.eclipse.recommenders.snipmatch - 2.4.0.v20160607-1609
2016-07-11 17:52:28,839 - org.eclipse.recommenders.snipmatch.rcp - 2.4.0.v20160607-1609
2016-07-11 17:52:28,847 - org.eclipse.cdt.gdb - 7.0.0.201606062011
2016-07-11 17:52:28,848 - org.eclipse.cdt.gdb.ui - 7.0.0.201606062011
2016-07-11 17:52:28,855 - org.eclipse.pde - 3.12.0.v20160606-1100
2016-07-11 17:52:28,857 - org.eclipse.pde.build - 3.9.200.v20160204-0642
2016-07-11 17:52:28,858 - org.eclipse.pde.core - 3.11.0.v20160510-1223
2016-07-11 17:52:28,868 - org.eclipse.pde.junit.runtime - 3.5.0.v20151013-0625
2016-07-11 17:52:28,873 - org.eclipse.pde.runtime - 3.5.0.v20160418-1724
2016-07-11 17:52:28,878 - org.eclipse.pde.ui - 3.9.0.v20160525-1830
2016-07-11 17:52:28,880 - org.eclipse.pde.doc.user - 3.12.0.v20160601-2148
2016-07-11 17:52:28,883 - org.eclipse.pde.ui.templates - 3.6.0.v20160424-1948
2016-07-11 17:52:28,884 - org.eclipse.ui.views.log - 1.2.0.v20160418-1724
2016-07-11 17:52:28,884 - org.objectweb.asm - 5.0.1.v201404251740
2016-07-11 17:52:28,885 - org.objectweb.asm.tree - 5.0.1.v201404251740
2016-07-11 17:52:28,891 - org.eclipse.pde.api.tools - 1.1.0.v20160508-0834
2016-07-11 17:52:28,892 - org.eclipse.pde.api.tools.annotations - 1.0.100.v20160418-1724
2016-07-11 17:52:28,895 - org.eclipse.pde.api.tools.ui - 1.1.0.v20160519-0701
2016-07-11 17:52:28,902 - org.eclipse.pde.ds.core - 1.1.0.v20151201-1325
2016-07-11 17:52:28,906 - org.eclipse.pde.ds.ui - 1.1.0.v20160518-1843
2016-07-11 17:52:28,906 - org.eclipse.pde.launching - 3.6.400.v20160121-1248
2016-07-11 17:52:28,908 - org.eclipse.pde.ua.core - 1.0.500.v20160204-0642
2016-07-11 17:52:28,914 - org.eclipse.pde.ua.ui - 1.1.0.v20160518-1843
2016-07-11 17:52:28,914 - org.eclipse.ui.trace - 1.0.400.v20160509-1055
2016-07-11 17:52:28,915 - org.eclipse.pde.ds.annotations - 1.0.0.v20160525-1437
2016-07-11 17:52:28,919 - org.eclipse.sequoyah.localization.tools - 2.1.0.N20120718-0509
2016-07-11 17:52:28,924 - org.eclipse.sequoyah.localization.editor - 2.1.0.N20120718-0509
2016-07-11 17:52:28,931 - net.sourceforge.lpg.lpgjavaruntime - 1.1.0.v201004271650
2016-07-11 17:52:28,932 - org.eclipse.datatools.sqltools.parsers.sql.lexer - 1.1.0.201603142002
2016-07-11 17:52:28,933 - org.eclipse.datatools.sqltools.parsers.sql.query - 1.3.0.201603142002
2016-07-11 17:52:28,935 - org.eclipse.datatools.sqltools.parsers.sql.xml.query - 1.1.0.201603142002
2016-07-11 17:52:28,935 - org.eclipse.datatools.sqltools.parsers.sql - 1.1.0.201603142002
2016-07-11 17:52:28,941 - org.eclipse.mylyn.java.ui - 3.20.0.v20160421-1902
2016-07-11 17:52:28,946 - org.eclipse.mylyn.java.tasks - 3.20.0.v20160421-1902
2016-07-11 17:52:28,946 - org.eclipse.mylyn.ide.ui - 3.20.0.v20160421-1902
2016-07-11 17:52:28,949 - org.eclipse.mylyn.ide.ant - 3.20.0.v20160421-1902
2016-07-11 17:52:28,950 - org.eclipse.mylyn.debug.ui - 3.20.0.v20160421-1902
2016-07-11 17:52:28,954 - org.eclipse.mylyn.team.ui - 3.20.0.v20160421-1902
2016-07-11 17:52:28,957 - org.eclipse.datatools.sqltools.sql - 1.1.0.201603142002
2016-07-11 17:52:28,957 - org.eclipse.datatools.sqltools.common.ui - 1.1.0.201603142002
2016-07-11 17:52:28,957 - org.eclipse.datatools.sqltools.plan - 1.1.0.201603142002
2016-07-11 17:52:28,957 - org.eclipse.datatools.sqltools.editor.core - 1.1.0.201603142002
2016-07-11 17:52:28,957 - org.eclipse.datatools.sqltools.sqleditor - 1.1.0.201603142002
2016-07-11 17:52:28,957 - org.eclipse.datatools.sqltools.ddlgen.ui - 1.1.0.201603142002
2016-07-11 17:52:28,958 - org.eclipse.datatools.connectivity.db.generic - 1.1.0.201603142002
2016-07-11 17:52:28,958 - org.eclipse.datatools.sqltools.editor.core.ui - 1.1.0.201603142002
2016-07-11 17:52:28,958 - org.eclipse.datatools.sqltools.sql.ui - 1.1.0.201603142002
2016-07-11 17:52:28,961 - org.eclipse.emf.common.ui - 2.11.0.v20160526-0356
2016-07-11 17:52:28,965 - org.eclipse.mylyn.commons.repositories.core - 1.12.0.v20160421-1819
2016-07-11 17:52:28,965 - org.eclipse.mylyn.commons.repositories.ui - 1.12.0.v20160421-1819
2016-07-11 17:52:28,970 - org.eclipse.sequoyah.device.common.utilities - 2.1.0.N20120718-0509
2016-07-11 17:52:28,974 - org.eclipse.andmore.android.common - 0.5.0.201605181018
2016-07-11 17:52:28,976 - org.eclipse.andmore.android.codeutils - 0.5.0.201605181018
2016-07-11 17:52:28,980 - org.eclipse.andmore.android.translation - 0.5.0.201605181018
2016-07-11 17:52:28,983 - org.eclipse.andmore.android.codesnippets - 0.5.0.201605181018
2016-07-11 17:52:28,984 - org.eclipse.andmore.android.db.core - 0.5.0.201605181018
2016-07-11 17:52:28,985 - org.eclipse.andmore.android.logger - 0.5.0.201605181018
2016-07-11 17:52:28,989 - org.eclipse.andmore.android - 0.5.0.201605181018
2016-07-11 17:52:28,991 - org.eclipse.andmore.android.emulator - 0.5.0.201605181018
2016-07-11 17:52:28,993 - org.eclipse.andmore.android.launch - 0.5.0.201605181018
2016-07-11 17:52:28,994 - org.eclipse.andmore.android.packaging.ui - 0.5.0.201605181018
2016-07-11 17:52:28,995 - org.eclipse.andmore.android.handset - 0.5.0.201605181018
2016-07-11 17:52:28,996 - org.eclipse.andmore.android.remote - 0.5.0.201605181018
2016-07-11 17:52:28,996 - org.eclipse.andmore.android.macosx - 0.5.0.201605181018
2016-07-11 17:52:28,997 - org.eclipse.andmore.android.mat - 0.5.0.201605181018
2016-07-11 17:52:28,997 - org.eclipse.andmore.android.devices.services - 0.5.0.201605181018
2016-07-11 17:52:28,998 - org.eclipse.andmore.android.db.devices - 0.5.0.201605181018
2016-07-11 17:52:28,999 - org.eclipse.andmore.android.installer - 0.5.0.201605181018
2016-07-11 17:52:29,000 - org.eclipse.andmore.android.logger.collector - 0.5.0.201605181018
2016-07-11 17:52:29,003 - org.eclipse.emf.mapping.ui - 2.7.0.v20160526-0356
2016-07-11 17:52:29,007 - org.eclipse.mylyn.monitor.core - 3.20.0.v20160421-1819
2016-07-11 17:52:29,007 - org.eclipse.mylyn.monitor.ui - 3.20.0.v20160421-1819
2016-07-11 17:52:29,011 - org.eclipse.datatools.connectivity.oda.template.ui - 3.3.0.201603142002
2016-07-11 17:52:29,020 - org.eclipse.sequoyah.vnc.vncviewer - 2.1.0.N20120718-0509
2016-07-11 17:52:29,023 - org.eclipse.emf.codegen.ecore.ui - 2.12.0.v20160526-0356
2016-07-11 17:52:29,027 - org.eclipse.emf.ecore.editor - 2.12.0.v20160526-0356
2016-07-11 17:52:29,033 - org.eclipse.epp.package.android - 4.6.0.20160613-1800
2016-07-11 17:52:29,036 - org.eclipse.mylyn.builds.core - 1.12.0.v20160421-2142
2016-07-11 17:52:29,036 - org.eclipse.mylyn.builds.ui - 1.12.0.v20160421-2142
2016-07-11 17:52:29,040 - org.eclipse.mylyn.context.core - 3.20.0.v20160421-1902
2016-07-11 17:52:29,044 - org.eclipse.mylyn.context.ui - 3.20.0.v20160421-1902
2016-07-11 17:52:29,047 - org.eclipse.mylyn.resources.ui - 3.20.0.v20160421-1902
2016-07-11 17:52:29,048 - org.eclipse.mylyn.context.tasks.ui - 3.20.0.v20160608-1905
2016-07-11 17:52:29,051 - org.eclipse.emf.databinding - 1.3.0.v20160526-0356
2016-07-11 17:52:29,066 - org.eclipse.datatools.connectivity.sqm.core.ui - 1.3.0.201603142002
2016-07-11 17:52:29,066 - org.eclipse.datatools.connectivity.sqm.core - 1.3.0.201603142002
2016-07-11 17:52:29,068 - org.eclipse.datatools.connectivity.sqm.server.ui - 1.2.0.201603142002
2016-07-11 17:52:29,068 - org.eclipse.datatools.connectivity.ui.dse - 1.2.0.201603142002
2016-07-11 17:52:29,068 - org.eclipse.datatools.connectivity.ui - 1.3.0.201603142002
2016-07-11 17:52:29,068 - org.eclipse.datatools.connectivity - 1.13.0.201603142002
2016-07-11 17:52:29,068 - org.eclipse.datatools.help - 1.6.0.201603142002
2016-07-11 17:52:29,069 - org.eclipse.datatools.connectivity.console.profile - 1.1.0.201603142002
2016-07-11 17:52:29,075 - org.eclipse.oomph.setup - 1.4.0.v20160530-1355
2016-07-11 17:52:29,077 - org.eclipse.oomph.setup.edit - 1.4.0.v20160426-0423
2016-07-11 17:52:29,077 - org.eclipse.oomph.setup.core - 1.4.0.v20160530-1200
2016-07-11 17:52:29,077 - org.eclipse.oomph.setup.sync - 1.4.0.v20160426-0423
2016-07-11 17:52:29,078 - org.eclipse.oomph.setup.p2 - 1.4.0.v20160530-1200
2016-07-11 17:52:29,078 - org.eclipse.oomph.setup.p2.edit - 1.4.0.v20160426-0423
2016-07-11 17:52:29,078 - org.eclipse.oomph.preferences - 1.4.0.v20160426-0423
2016-07-11 17:52:29,081 - org.eclipse.oomph.jreinfo - 1.4.0.v20160519-0740
2016-07-11 17:52:29,082 - org.eclipse.oomph.extractor.lib - 1.2.0.v20160519-0740
2016-07-11 17:52:29,082 - org.apache.commons.logging - 1.1.1.v201101211721
2016-07-11 17:52:29,082 - org.apache.commons.codec - 1.6.0.v201305230611
2016-07-11 17:52:29,082 - org.apache.httpcomponents.httpclient - 4.3.6.v201511171540
2016-07-11 17:52:29,082 - org.apache.httpcomponents.httpcore - 4.3.3.v201411290715
2016-07-11 17:52:29,083 - org.eclipse.userstorage - 1.0.0.v20160524-0709
2016-07-11 17:52:29,089 - org.eclipse.userstorage.ui - 1.0.0.v20151216-0912
